Removed Pin From Net: NetName=BL_Temp_Low Pin=J-55
Removed Pin From Net: NetName=BL_Temp_Low Pin=J-56
Removed Pin From Net: NetName=BL_Temp_Low Pin=J-57
Removed Pin From Net: NetName=BL_Temp_Low Pin=J-58
Removed Pin From Net: NetName=BL_Temp_Low Pin=U4-2
Removed Pin From Net: NetName=BL_Temp_Low Pin=U5-2
Removed Pin From Net: NetName=BL_Temp_Low Pin=U6-2
Removed Pin From Net: NetName=BL_Temp_Low Pin=U7-2
Removed Pin From Net: NetName=Ph1 OSC Out Pin=X1-1
Removed Pin From Net: NetName=Ph0 OSC In Pin=X1-2
Change Footprint: Footprint Not Found CAPC0603(1608)100_M
Add Component: Footprint Not Found XTAL_ECS-80-18-30-JGN-TR
Added Pin To Net: NetName=Ph1 OSC Out Pin=X1-1
Added Pin To Net: NetName=Ph0 OSC In Pin=X1-2
Change Net Name : Old Net Name=BL_Temp_Low New Net Name=5v
Added Pin To Net: NetName=BL_Temp_Low Pin=J-56
Added Pin To Net: NetName=BL_Temp_Low Pin=U6-2
Added Net: Name=BL_Temp_Low
Added Pin To Net: NetName=BR_Temp_Low Pin=J-55
Added Pin To Net: NetName=BR_Temp_Low Pin=U7-2
Added Net: Name=BR_Temp_Low
Added Pin To Net: NetName=FL_Temp_Low Pin=J-58
Added Pin To Net: NetName=FL_Temp_Low Pin=U4-2
Added Net: Name=FL_Temp_Low
Added Pin To Net: NetName=FR_Temp_Low Pin=J-57
Added Pin To Net: NetName=FR_Temp_Low Pin=U5-2
Added Net: Name=FR_Temp_Low
